<?xml version="1.0" encoding="UTF-8"?>
<coverage generated="1700629677007" clover="3.2.0">
  <project timestamp="1700629677007" name="All files">
    <metrics statements="80" coveredstatements="80" conditionals="139" coveredconditionals="123" methods="14" coveredmethods="14" elements="233" coveredelements="217" complexity="0" loc="80" ncloc="80" packages="4" files="7" classes="7"/>
    <package name="src">
      <metrics statements="22" coveredstatements="22" conditionals="8" coveredconditionals="8" methods="4" coveredmethods="4"/>
      <file name="constants.ts" path="/Users/reshma/Desktop/Keyvalue/ui-components/react-vertical-stepper/src/constants.ts">
        <metrics statements="22" coveredstatements="22" conditionals="8" coveredconditionals="8" methods="4" coveredmethods="4"/>
        <line num="1" count="1" type="cond" truecount="2" falsecount="0"/>
        <line num="2" count="1" type="stmt"/>
        <line num="3" count="1" type="stmt"/>
        <line num="4" count="1" type="stmt"/>
        <line num="7" count="1" type="cond" truecount="2" falsecount="0"/>
        <line num="8" count="1" type="stmt"/>
        <line num="9" count="1" type="stmt"/>
        <line num="10" count="1" type="stmt"/>
        <line num="11" count="1" type="stmt"/>
        <line num="14" count="1" type="cond" truecount="2" falsecount="0"/>
        <line num="15" count="1" type="stmt"/>
        <line num="16" count="1" type="stmt"/>
        <line num="19" count="1" type="cond" truecount="2" falsecount="0"/>
        <line num="20" count="1" type="stmt"/>
        <line num="21" count="1" type="stmt"/>
        <line num="22" count="1" type="stmt"/>
        <line num="23" count="1" type="stmt"/>
        <line num="24" count="1" type="stmt"/>
        <line num="25" count="1" type="stmt"/>
        <line num="26" count="1" type="stmt"/>
        <line num="27" count="1" type="stmt"/>
        <line num="28" count="1" type="stmt"/>
      </file>
    </package>
    <package name="src.assets">
      <metrics statements="1" coveredstatements="1" conditionals="0" coveredconditionals="0" methods="0" coveredmethods="0"/>
      <file name="white-tick.svg" path="/Users/reshma/Desktop/Keyvalue/ui-components/react-vertical-stepper/src/assets/white-tick.svg">
        <metrics statements="1" coveredstatements="1" conditionals="0" coveredconditionals="0" methods="0" coveredmethods="0"/>
        <line num="1" count="1" type="stmt"/>
      </file>
    </package>
    <package name="src.bubble">
      <metrics statements="13" coveredstatements="13" conditionals="31" coveredconditionals="29" methods="2" coveredmethods="2"/>
      <file name="bubble.tsx" path="/Users/reshma/Desktop/Keyvalue/ui-components/react-vertical-stepper/src/bubble/bubble.tsx">
        <metrics statements="10" coveredstatements="10" conditionals="31" coveredconditionals="29" methods="2" coveredmethods="2"/>
        <line num="1" count="1" type="stmt"/>
        <line num="3" count="1" type="stmt"/>
        <line num="4" count="1" type="stmt"/>
        <line num="5" count="1" type="stmt"/>
        <line num="6" count="1" type="stmt"/>
        <line num="8" count="1" type="stmt"/>
        <line num="17" count="91" type="stmt"/>
        <line num="19" count="13" type="stmt"/>
        <line num="33" count="2" type="cond" truecount="2" falsecount="0"/>
        <line num="53" count="1" type="stmt"/>
      </file>
      <file name="index.ts" path="/Users/reshma/Desktop/Keyvalue/ui-components/react-vertical-stepper/src/bubble/index.ts">
        <metrics statements="2" coveredstatements="2" conditionals="0" coveredconditionals="0" methods="0" coveredmethods="0"/>
        <line num="1" count="1" type="stmt"/>
        <line num="3" count="1" type="stmt"/>
      </file>
      <file name="styles.module.scss" path="/Users/reshma/Desktop/Keyvalue/ui-components/react-vertical-stepper/src/bubble/styles.module.scss">
        <metrics statements="1" coveredstatements="1" conditionals="0" coveredconditionals="0" methods="0" coveredmethods="0"/>
        <line num="1" count="1" type="stmt"/>
      </file>
    </package>
    <package name="src.stepper">
      <metrics statements="44" coveredstatements="44" conditionals="100" coveredconditionals="86" methods="8" coveredmethods="8"/>
      <file name="stepperComponent.tsx" path="/Users/reshma/Desktop/Keyvalue/ui-components/react-vertical-stepper/src/stepper/stepperComponent.tsx">
        <metrics statements="43" coveredstatements="43" conditionals="100" coveredconditionals="86" methods="8" coveredmethods="8"/>
        <line num="1" count="1" type="stmt"/>
        <line num="2" count="1" type="stmt"/>
        <line num="4" count="1" type="stmt"/>
        <line num="5" count="1" type="stmt"/>
        <line num="7" count="1" type="stmt"/>
        <line num="10" count="9" type="cond" truecount="2" falsecount="0"/>
        <line num="11" count="9" type="cond" truecount="2" falsecount="0"/>
        <line num="12" count="9" type="cond" truecount="2" falsecount="0"/>
        <line num="13" count="9" type="cond" truecount="2" falsecount="0"/>
        <line num="14" count="9" type="cond" truecount="1" falsecount="1"/>
        <line num="18" count="82" type="stmt"/>
        <line num="20" count="9" type="stmt"/>
        <line num="24" count="9" type="cond" truecount="4" falsecount="0"/>
        <line num="29" count="9" type="stmt"/>
        <line num="30" count="80" type="stmt"/>
        <line num="31" count="80" type="cond" truecount="1" falsecount="0"/>
        <line num="32" count="18" type="stmt"/>
        <line num="34" count="62" type="stmt"/>
        <line num="37" count="9" type="stmt"/>
        <line num="38" count="26" type="stmt"/>
        <line num="39" count="13" type="stmt"/>
        <line num="41" count="13" type="stmt"/>
        <line num="43" count="13" type="stmt"/>
        <line num="44" count="13" type="stmt"/>
        <line num="46" count="13" type="cond" truecount="1" falsecount="0"/>
        <line num="47" count="13" type="stmt"/>
        <line num="48" count="13" type="stmt"/>
        <line num="52" count="13" type="stmt"/>
        <line num="56" count="13" type="stmt"/>
        <line num="60" count="13" type="stmt"/>
        <line num="64" count="13" type="stmt"/>
        <line num="65" count="12" type="cond" truecount="2" falsecount="0"/>
        <line num="66" count="2" type="cond" truecount="2" falsecount="0"/>
        <line num="67" count="1" type="cond" truecount="1" falsecount="0"/>
        <line num="68" count="1" type="stmt"/>
        <line num="70" count="10" type="cond" truecount="1" falsecount="0"/>
        <line num="74" count="13" type="stmt"/>
        <line num="75" count="13" type="stmt"/>
        <line num="134" count="2" type="cond" truecount="2" falsecount="0"/>
        <line num="139" count="24" type="stmt"/>
        <line num="171" count="13" type="cond" truecount="4" falsecount="0"/>
        <line num="223" count="9" type="stmt"/>
        <line num="239" count="1" type="stmt"/>
      </file>
      <file name="styles.scss" path="/Users/reshma/Desktop/Keyvalue/ui-components/react-vertical-stepper/src/stepper/styles.scss">
        <metrics statements="1" coveredstatements="1" conditionals="0" coveredconditionals="0" methods="0" coveredmethods="0"/>
        <line num="1" count="1" type="stmt"/>
      </file>
    </package>
  </project>
</coverage>
