{"/Users/reshma/Desktop/Keyvalue/ui-components/react-vertical-stepper/src/constants.ts": {"path":"/Users/reshma/Desktop/Keyvalue/ui-components/react-vertical-stepper/src/constants.ts","statementMap":{"0":{"start":{"line":1,"column":0},"end":{"line":1,"column":null}},"1":{"start":{"line":2,"column":2},"end":{"line":2,"column":null}},"2":{"start":{"line":3,"column":2},"end":{"line":3,"column":null}},"3":{"start":{"line":4,"column":2},"end":{"line":4,"column":null}},"4":{"start":{"line":7,"column":0},"end":{"line":7,"column":null}},"5":{"start":{"line":8,"column":2},"end":{"line":8,"column":null}},"6":{"start":{"line":9,"column":2},"end":{"line":9,"column":null}},"7":{"start":{"line":10,"column":2},"end":{"line":10,"column":null}},"8":{"start":{"line":11,"column":2},"end":{"line":11,"column":null}},"9":{"start":{"line":14,"column":0},"end":{"line":14,"column":null}},"10":{"start":{"line":15,"column":2},"end":{"line":15,"column":null}},"11":{"start":{"line":16,"column":2},"end":{"line":16,"column":null}},"12":{"start":{"line":19,"column":0},"end":{"line":19,"column":null}},"13":{"start":{"line":20,"column":2},"end":{"line":20,"column":null}},"14":{"start":{"line":21,"column":2},"end":{"line":21,"column":null}},"15":{"start":{"line":22,"column":2},"end":{"line":22,"column":null}},"16":{"start":{"line":23,"column":2},"end":{"line":23,"column":null}},"17":{"start":{"line":24,"column":2},"end":{"line":24,"column":null}},"18":{"start":{"line":25,"column":2},"end":{"line":25,"column":null}},"19":{"start":{"line":26,"column":2},"end":{"line":26,"column":null}},"20":{"start":{"line":27,"column":2},"end":{"line":27,"column":null}},"21":{"start":{"line":28,"column":2},"end":{"line":28,"column":null}}},"fnMap":{"0":{"name":"(anonymous_0)","decl":{"start":{"line":1,"column":0},"end":{"line":1,"column":12}},"loc":{"start":{"line":1,"column":25},"end":{"line":5,"column":1}}},"1":{"name":"(anonymous_1)","decl":{"start":{"line":7,"column":0},"end":{"line":7,"column":12}},"loc":{"start":{"line":7,"column":26},"end":{"line":12,"column":1}}},"2":{"name":"(anonymous_2)","decl":{"start":{"line":14,"column":0},"end":{"line":14,"column":12}},"loc":{"start":{"line":14,"column":23},"end":{"line":17,"column":1}}},"3":{"name":"(anonymous_3)","decl":{"start":{"line":19,"column":0},"end":{"line":19,"column":12}},"loc":{"start":{"line":19,"column":20},"end":{"line":29,"column":1}}}},"branchMap":{"0":{"loc":{"start":{"line":1,"column":12},"end":{"line":1,"column":null}},"type":"binary-expr","locations":[{"start":{"line":1,"column":12},"end":{"line":1,"column":25}},{"start":{"line":1,"column":12},"end":{"line":1,"column":null}}]},"1":{"loc":{"start":{"line":7,"column":12},"end":{"line":7,"column":null}},"type":"binary-expr","locations":[{"start":{"line":7,"column":12},"end":{"line":7,"column":26}},{"start":{"line":7,"column":12},"end":{"line":7,"column":null}}]},"2":{"loc":{"start":{"line":14,"column":12},"end":{"line":14,"column":null}},"type":"binary-expr","locations":[{"start":{"line":14,"column":12},"end":{"line":14,"column":23}},{"start":{"line":14,"column":12},"end":{"line":14,"column":null}}]},"3":{"loc":{"start":{"line":19,"column":12},"end":{"line":19,"column":null}},"type":"binary-expr","locations":[{"start":{"line":19,"column":12},"end":{"line":19,"column":20}},{"start":{"line":19,"column":12},"end":{"line":19,"column":null}}]}},"s":{"0":1,"1":1,"2":1,"3":1,"4":1,"5":1,"6":1,"7":1,"8":1,"9":1,"10":1,"11":1,"12":1,"13":1,"14":1,"15":1,"16":1,"17":1,"18":1,"19":1,"20":1,"21":1},"f":{"0":1,"1":1,"2":1,"3":1},"b":{"0":[1,1],"1":[1,1],"2":[1,1],"3":[1,1]}}
,"/Users/reshma/Desktop/Keyvalue/ui-components/react-vertical-stepper/src/assets/white-tick.svg": {"path":"/Users/reshma/Desktop/Keyvalue/ui-components/react-vertical-stepper/src/assets/white-tick.svg","statementMap":{"0":{"start":{"line":1,"column":0},"end":{"line":1,"column":20}}},"fnMap":{},"branchMap":{},"s":{"0":1},"f":{},"b":{},"_coverageSchema":"1a1c01bbd47fc00a2c39e90264f33305004495a9","hash":"d8678608d216e703d879fc79b2e6ee075913608a"}
,"/Users/reshma/Desktop/Keyvalue/ui-components/react-vertical-stepper/src/bubble/bubble.tsx": {"path":"/Users/reshma/Desktop/Keyvalue/ui-components/react-vertical-stepper/src/bubble/bubble.tsx","statementMap":{"0":{"start":{"line":1,"column":0},"end":{"line":1,"column":34}},"1":{"start":{"line":3,"column":0},"end":{"line":3,"column":40}},"2":{"start":{"line":4,"column":0},"end":{"line":4,"column":49}},"3":{"start":{"line":5,"column":0},"end":{"line":5,"column":61}},"4":{"start":{"line":6,"column":0},"end":{"line":6,"column":42}},"5":{"start":{"line":8,"column":33},"end":{"line":51,"column":1}},"6":{"start":{"line":17,"column":6},"end":{"line":17,"column":12}},"7":{"start":{"line":19,"column":2},"end":{"line":50,"column":4}},"8":{"start":{"line":33,"column":34},"end":{"line":33,"column":null}},"9":{"start":{"line":53,"column":0},"end":{"line":53,"column":22}}},"fnMap":{"0":{"name":"(anonymous_3)","decl":{"start":{"line":8,"column":33},"end":{"line":8,"column":34}},"loc":{"start":{"line":8,"column":39},"end":{"line":51,"column":1}}},"1":{"name":"(anonymous_4)","decl":{"start":{"line":33,"column":15},"end":{"line":33,"column":34}},"loc":{"start":{"line":33,"column":15},"end":{"line":33,"column":49}}}},"branchMap":{"0":{"loc":{"start":{"line":22,"column":8},"end":{"line":22,"column":42}},"type":"binary-expr","locations":[{"start":{"line":22,"column":8},"end":{"line":22,"column":18}},{"start":{"line":22,"column":22},"end":{"line":22,"column":42}}]},"1":{"loc":{"start":{"line":23,"column":8},"end":{"line":23,"column":61}},"type":"binary-expr","locations":[{"start":{"line":23,"column":8},"end":{"line":23,"column":34}},{"start":{"line":23,"column":38},"end":{"line":23,"column":61}}]},"2":{"loc":{"start":{"line":24,"column":8},"end":{"line":24,"column":106}},"type":"binary-expr","locations":[{"start":{"line":24,"column":8},"end":{"line":24,"column":47}},{"start":{"line":24,"column":51},"end":{"line":24,"column":77}},{"start":{"line":24,"column":81},"end":{"line":24,"column":106}}]},"3":{"loc":{"start":{"line":25,"column":8},"end":{"line":25,"column":107}},"type":"binary-expr","locations":[{"start":{"line":25,"column":8},"end":{"line":25,"column":47}},{"start":{"line":25,"column":51},"end":{"line":25,"column":77}},{"start":{"line":25,"column":81},"end":{"line":25,"column":107}}]},"4":{"loc":{"start":{"line":28,"column":12},"end":{"line":28,"column":46}},"type":"binary-expr","locations":[{"start":{"line":28,"column":13},"end":{"line":28,"column":39}},{"start":{"line":28,"column":44},"end":{"line":28,"column":46}}]},"5":{"loc":{"start":{"line":29,"column":12},"end":{"line":29,"column":82}},"type":"binary-expr","locations":[{"start":{"line":29,"column":13},"end":{"line":29,"column":39}},{"start":{"line":29,"column":43},"end":{"line":29,"column":75}},{"start":{"line":29,"column":80},"end":{"line":29,"column":82}}]},"6":{"loc":{"start":{"line":30,"column":12},"end":{"line":31,"column":56}},"type":"binary-expr","locations":[{"start":{"line":30,"column":13},"end":{"line":30,"column":52}},{"start":{"line":30,"column":56},"end":{"line":30,"column":82}},{"start":{"line":31,"column":15},"end":{"line":31,"column":49}},{"start":{"line":31,"column":54},"end":{"line":31,"column":56}}]},"7":{"loc":{"start":{"line":33,"column":34},"end":{"line":33,"column":70}},"type":"binary-expr","locations":[{"start":{"line":33,"column":34},"end":{"line":33,"column":49}},{"start":{"line":33,"column":53},"end":{"line":33,"column":70}}]},"8":{"loc":{"start":{"line":37,"column":7},"end":{"line":47,"column":null}},"type":"binary-expr","locations":[{"start":{"line":37,"column":8},"end":{"line":37,"column":23}},{"start":{"line":37,"column":27},"end":{"line":37,"column":55}},{"start":{"line":39,"column":6},"end":{"line":46,"column":null}}]},"9":{"loc":{"start":{"line":40,"column":9},"end":{"line":46,"column":20}},"type":"binary-expr","locations":[{"start":{"line":40,"column":9},"end":{"line":40,"column":49}},{"start":{"line":41,"column":10},"end":{"line":44,"column":null}},{"start":{"line":46,"column":11},"end":{"line":46,"column":20}}]},"10":{"loc":{"start":{"line":40,"column":9},"end":{"line":40,"column":21}},"type":"cond-expr","locations":[{"start":{"line":40,"column":13},"end":{"line":40,"column":15}},{"start":{"line":40,"column":9},"end":{"line":40,"column":21}}]},"11":{"loc":{"start":{"line":40,"column":9},"end":{"line":40,"column":15}},"type":"binary-expr","locations":[{"start":{"line":40,"column":9},"end":{"line":40,"column":15}},{"start":{"line":40,"column":9},"end":{"line":40,"column":15}}]}},"s":{"0":1,"1":1,"2":1,"3":1,"4":1,"5":1,"6":91,"7":13,"8":2,"9":1},"f":{"0":13,"1":2},"b":{"0":[13,1],"1":[13,9],"2":[13,2,2],"3":[13,9,1],"4":[13,0],"5":[13,9,4],"6":[13,2,2,11],"7":[2,2],"8":[13,4,13],"9":[13,9,4],"10":[0,13],"11":[13,13]}}
,"/Users/reshma/Desktop/Keyvalue/ui-components/react-vertical-stepper/src/bubble/index.ts": {"path":"/Users/reshma/Desktop/Keyvalue/ui-components/react-vertical-stepper/src/bubble/index.ts","statementMap":{"0":{"start":{"line":1,"column":0},"end":{"line":1,"column":30}},"1":{"start":{"line":3,"column":0},"end":{"line":3,"column":22}}},"fnMap":{},"branchMap":{},"s":{"0":1,"1":1},"f":{},"b":{}}
,"/Users/reshma/Desktop/Keyvalue/ui-components/react-vertical-stepper/src/bubble/styles.module.scss": {"path":"/Users/reshma/Desktop/Keyvalue/ui-components/react-vertical-stepper/src/bubble/styles.module.scss","statementMap":{"0":{"start":{"line":1,"column":0},"end":{"line":1,"column":20}}},"fnMap":{},"branchMap":{},"s":{"0":1},"f":{},"b":{},"_coverageSchema":"1a1c01bbd47fc00a2c39e90264f33305004495a9","hash":"ca80fb8ce160c103db16adeb7fe7f07c59421c32"}
,"/Users/reshma/Desktop/Keyvalue/ui-components/react-vertical-stepper/src/stepper/stepperComponent.tsx": {"path":"/Users/reshma/Desktop/Keyvalue/ui-components/react-vertical-stepper/src/stepper/stepperComponent.tsx","statementMap":{"0":{"start":{"line":1,"column":0},"end":{"line":1,"column":63}},"1":{"start":{"line":2,"column":0},"end":{"line":2,"column":23}},"2":{"start":{"line":4,"column":0},"end":{"line":4,"column":31}},"3":{"start":{"line":5,"column":0},"end":{"line":5,"column":69}},"4":{"start":{"line":7,"column":16},"end":{"line":237,"column":1}},"5":{"start":{"line":18,"column":6},"end":{"line":18,"column":12}},"6":{"start":{"line":10,"column":20},"end":{"line":10,"column":null}},"7":{"start":{"line":11,"column":10},"end":{"line":11,"column":null}},"8":{"start":{"line":12,"column":17},"end":{"line":12,"column":null}},"9":{"start":{"line":13,"column":15},"end":{"line":13,"column":null}},"10":{"start":{"line":14,"column":23},"end":{"line":14,"column":null}},"11":{"start":{"line":20,"column":21},"end":{"line":20,"column":57}},"12":{"start":{"line":24,"column":4},"end":{"line":27,"column":74}},"13":{"start":{"line":29,"column":20},"end":{"line":35,"column":3}},"14":{"start":{"line":30,"column":28},"end":{"line":30,"column":43}},"15":{"start":{"line":31,"column":4},"end":{"line":33,"column":null}},"16":{"start":{"line":32,"column":6},"end":{"line":32,"column":42}},"17":{"start":{"line":34,"column":4},"end":{"line":34,"column":14}},"18":{"start":{"line":37,"column":32},"end":{"line":221,"column":3}},"19":{"start":{"line":38,"column":35},"end":{"line":38,"column":40}},"20":{"start":{"line":39,"column":42},"end":{"line":39,"column":53}},"21":{"start":{"line":39,"column":22},"end":{"line":39,"column":24}},"22":{"start":{"line":39,"column":38},"end":{"line":39,"column":42}},"23":{"start":{"line":41,"column":22},"end":{"line":41,"column":57}},"24":{"start":{"line":43,"column":4},"end":{"line":50,"column":11}},"25":{"start":{"line":44,"column":21},"end":{"line":44,"column":38}},"26":{"start":{"line":46,"column":6},"end":{"line":49,"column":null}},"27":{"start":{"line":47,"column":22},"end":{"line":47,"column":58}},"28":{"start":{"line":48,"column":8},"end":{"line":48,"column":30}},"29":{"start":{"line":52,"column":35},"end":{"line":54,"column":44}},"30":{"start":{"line":56,"column":37},"end":{"line":58,"column":59}},"31":{"start":{"line":60,"column":36},"end":{"line":62,"column":59}},"32":{"start":{"line":64,"column":26},"end":{"line":72,"column":5}},"33":{"start":{"line":65,"column":6},"end":{"line":71,"column":null}},"34":{"start":{"line":66,"column":8},"end":{"line":68,"column":41}},"35":{"start":{"line":66,"column":50},"end":{"line":66,"column":78}},"36":{"start":{"line":67,"column":13},"end":{"line":68,"column":41}},"37":{"start":{"line":68,"column":10},"end":{"line":68,"column":41}},"38":{"start":{"line":70,"column":8},"end":{"line":70,"column":80}},"39":{"start":{"line":70,"column":52},"end":{"line":70,"column":80}},"40":{"start":{"line":74,"column":30},"end":{"line":169,"column":5}},"41":{"start":{"line":75,"column":6},"end":{"line":168,"column":8}},"42":{"start":{"line":134,"column":18},"end":{"line":134,"column":null}},"43":{"start":{"line":139,"column":18},"end":{"line":139,"column":null}},"44":{"start":{"line":171,"column":4},"end":{"line":220,"column":6}},"45":{"start":{"line":223,"column":2},"end":{"line":236,"column":4}},"46":{"start":{"line":239,"column":0},"end":{"line":239,"column":23}}},"fnMap":{"0":{"name":"(anonymous_9)","decl":{"start":{"line":7,"column":16},"end":{"line":7,"column":17}},"loc":{"start":{"line":7,"column":37},"end":{"line":237,"column":1}}},"1":{"name":"(anonymous_10)","decl":{"start":{"line":29,"column":20},"end":{"line":29,"column":21}},"loc":{"start":{"line":29,"column":66},"end":{"line":35,"column":3}}},"2":{"name":"(anonymous_11)","decl":{"start":{"line":37,"column":32},"end":{"line":37,"column":33}},"loc":{"start":{"line":37,"column":42},"end":{"line":221,"column":3}}},"3":{"name":"(anonymous_12)","decl":{"start":{"line":43,"column":14},"end":{"line":43,"column":null}},"loc":{"start":{"line":43,"column":14},"end":{"line":50,"column":5}}},"4":{"name":"(anonymous_13)","decl":{"start":{"line":64,"column":26},"end":{"line":64,"column":null}},"loc":{"start":{"line":64,"column":26},"end":{"line":72,"column":5}}},"5":{"name":"(anonymous_14)","decl":{"start":{"line":74,"column":30},"end":{"line":74,"column":null}},"loc":{"start":{"line":74,"column":30},"end":{"line":169,"column":5}}},"6":{"name":"(anonymous_15)","decl":{"start":{"line":133,"column":33},"end":{"line":133,"column":null}},"loc":{"start":{"line":133,"column":33},"end":{"line":134,"column":29}}},"7":{"name":"(anonymous_16)","decl":{"start":{"line":138,"column":27},"end":{"line":138,"column":28}},"loc":{"start":{"line":138,"column":45},"end":{"line":139,"column":27}}}},"branchMap":{"0":{"loc":{"start":{"line":10,"column":20},"end":{"line":10,"column":null}},"type":"cond-expr","locations":[{"start":{"line":10,"column":23},"end":{"line":10,"column":24}},{"start":{"line":10,"column":24},"end":{"line":10,"column":null}}]},"1":{"loc":{"start":{"line":11,"column":10},"end":{"line":11,"column":null}},"type":"cond-expr","locations":[{"start":{"line":11,"column":13},"end":{"line":11,"column":15}},{"start":{"line":11,"column":15},"end":{"line":11,"column":null}}]},"2":{"loc":{"start":{"line":12,"column":17},"end":{"line":12,"column":null}},"type":"cond-expr","locations":[{"start":{"line":12,"column":20},"end":{"line":12,"column":40}},{"start":{"line":12,"column":40},"end":{"line":12,"column":null}}]},"3":{"loc":{"start":{"line":13,"column":15},"end":{"line":13,"column":null}},"type":"cond-expr","locations":[{"start":{"line":13,"column":18},"end":{"line":13,"column":38}},{"start":{"line":13,"column":38},"end":{"line":13,"column":null}}]},"4":{"loc":{"start":{"line":14,"column":23},"end":{"line":14,"column":null}},"type":"cond-expr","locations":[{"start":{"line":14,"column":26},"end":{"line":14,"column":31}},{"start":{"line":14,"column":31},"end":{"line":14,"column":null}}]},"5":{"loc":{"start":{"line":24,"column":4},"end":{"line":27,"column":74}},"type":"binary-expr","locations":[{"start":{"line":24,"column":5},"end":{"line":24,"column":15}},{"start":{"line":25,"column":6},"end":{"line":25,"column":73}},{"start":{"line":26,"column":5},"end":{"line":26,"column":16}},{"start":{"line":27,"column":6},"end":{"line":27,"column":73}}]},"6":{"loc":{"start":{"line":31,"column":4},"end":{"line":33,"column":null}},"type":"if","locations":[{"start":{"line":31,"column":4},"end":{"line":33,"column":null}}]},"7":{"loc":{"start":{"line":46,"column":6},"end":{"line":49,"column":null}},"type":"if","locations":[{"start":{"line":46,"column":6},"end":{"line":49,"column":null}}]},"8":{"loc":{"start":{"line":53,"column":6},"end":{"line":53,"column":54}},"type":"cond-expr","locations":[{"start":{"line":53,"column":32},"end":{"line":53,"column":49}},{"start":{"line":53,"column":52},"end":{"line":53,"column":54}}]},"9":{"loc":{"start":{"line":54,"column":8},"end":{"line":54,"column":42}},"type":"cond-expr","locations":[{"start":{"line":54,"column":20},"end":{"line":54,"column":37}},{"start":{"line":54,"column":40},"end":{"line":54,"column":42}}]},"10":{"loc":{"start":{"line":57,"column":6},"end":{"line":57,"column":53}},"type":"cond-expr","locations":[{"start":{"line":57,"column":31},"end":{"line":57,"column":48}},{"start":{"line":57,"column":51},"end":{"line":57,"column":53}}]},"11":{"loc":{"start":{"line":58,"column":8},"end":{"line":58,"column":57}},"type":"cond-expr","locations":[{"start":{"line":58,"column":35},"end":{"line":58,"column":52}},{"start":{"line":58,"column":55},"end":{"line":58,"column":57}}]},"12":{"loc":{"start":{"line":61,"column":6},"end":{"line":61,"column":53}},"type":"cond-expr","locations":[{"start":{"line":61,"column":31},"end":{"line":61,"column":48}},{"start":{"line":61,"column":51},"end":{"line":61,"column":53}}]},"13":{"loc":{"start":{"line":62,"column":8},"end":{"line":62,"column":57}},"type":"cond-expr","locations":[{"start":{"line":62,"column":35},"end":{"line":62,"column":52}},{"start":{"line":62,"column":55},"end":{"line":62,"column":57}}]},"14":{"loc":{"start":{"line":65,"column":6},"end":{"line":71,"column":null}},"type":"if","locations":[{"start":{"line":65,"column":6},"end":{"line":71,"column":null}},{"start":{"line":69,"column":13},"end":{"line":71,"column":null}}]},"15":{"loc":{"start":{"line":66,"column":8},"end":{"line":68,"column":41}},"type":"if","locations":[{"start":{"line":66,"column":8},"end":{"line":68,"column":41}},{"start":{"line":67,"column":13},"end":{"line":68,"column":41}}]},"16":{"loc":{"start":{"line":67,"column":13},"end":{"line":68,"column":41}},"type":"if","locations":[{"start":{"line":67,"column":13},"end":{"line":68,"column":41}}]},"17":{"loc":{"start":{"line":70,"column":8},"end":{"line":70,"column":80}},"type":"if","locations":[{"start":{"line":70,"column":8},"end":{"line":70,"column":80}}]},"18":{"loc":{"start":{"line":79,"column":12},"end":{"line":83,"column":42}},"type":"cond-expr","locations":[{"start":{"line":80,"column":16},"end":{"line":81,"column":null}},{"start":{"line":83,"column":16},"end":{"line":83,"column":42}}]},"19":{"loc":{"start":{"line":81,"column":18},"end":{"line":81,"column":74}},"type":"cond-expr","locations":[{"start":{"line":81,"column":58},"end":{"line":81,"column":69}},{"start":{"line":81,"column":72},"end":{"line":81,"column":74}}]},"20":{"loc":{"start":{"line":86,"column":11},"end":{"line":109,"column":null}},"type":"binary-expr","locations":[{"start":{"line":86,"column":11},"end":{"line":86,"column":20}},{"start":{"line":87,"column":12},"end":{"line":108,"column":null}}]},"21":{"loc":{"start":{"line":92,"column":22},"end":{"line":92,"column":69}},"type":"binary-expr","locations":[{"start":{"line":92,"column":22},"end":{"line":92,"column":63}},{"start":{"line":92,"column":67},"end":{"line":92,"column":69}}]},"22":{"loc":{"start":{"line":93,"column":22},"end":{"line":94,"column":75}},"type":"binary-expr","locations":[{"start":{"line":93,"column":22},"end":{"line":93,"column":46}},{"start":{"line":94,"column":21},"end":{"line":94,"column":68}},{"start":{"line":94,"column":72},"end":{"line":94,"column":74}}]},"23":{"loc":{"start":{"line":99,"column":15},"end":{"line":107,"column":null}},"type":"binary-expr","locations":[{"start":{"line":99,"column":16},"end":{"line":99,"column":35}},{"start":{"line":99,"column":39},"end":{"line":99,"column":63}},{"start":{"line":100,"column":16},"end":{"line":100,"column":54}},{"start":{"line":101,"column":16},"end":{"line":101,"column":52}},{"start":{"line":102,"column":18},"end":{"line":106,"column":null}}]},"24":{"loc":{"start":{"line":115,"column":20},"end":{"line":117,"column":78}},"type":"cond-expr","locations":[{"start":{"line":116,"column":20},"end":{"line":116,"column":70}},{"start":{"line":117,"column":20},"end":{"line":117,"column":78}}]},"25":{"loc":{"start":{"line":116,"column":20},"end":{"line":116,"column":70}},"type":"binary-expr","locations":[{"start":{"line":116,"column":20},"end":{"line":116,"column":64}},{"start":{"line":116,"column":68},"end":{"line":116,"column":70}}]},"26":{"loc":{"start":{"line":117,"column":20},"end":{"line":117,"column":78}},"type":"binary-expr","locations":[{"start":{"line":117,"column":20},"end":{"line":117,"column":72}},{"start":{"line":117,"column":76},"end":{"line":117,"column":78}}]},"27":{"loc":{"start":{"line":122,"column":16},"end":{"line":126,"column":22}},"type":"cond-expr","locations":[{"start":{"line":125,"column":20},"end":{"line":125,"column":36}},{"start":{"line":126,"column":20},"end":{"line":126,"column":22}}]},"28":{"loc":{"start":{"line":134,"column":18},"end":{"line":134,"column":55}},"type":"binary-expr","locations":[{"start":{"line":134,"column":18},"end":{"line":134,"column":29}},{"start":{"line":134,"column":33},"end":{"line":134,"column":55}}]},"29":{"loc":{"start":{"line":143,"column":13},"end":{"line":156,"column":null}},"type":"binary-expr","locations":[{"start":{"line":143,"column":13},"end":{"line":143,"column":21}},{"start":{"line":144,"column":14},"end":{"line":155,"column":null}}]},"30":{"loc":{"start":{"line":146,"column":18},"end":{"line":150,"column":24}},"type":"cond-expr","locations":[{"start":{"line":149,"column":22},"end":{"line":149,"column":46}},{"start":{"line":150,"column":22},"end":{"line":150,"column":24}}]},"31":{"loc":{"start":{"line":161,"column":20},"end":{"line":163,"column":78}},"type":"cond-expr","locations":[{"start":{"line":162,"column":20},"end":{"line":162,"column":70}},{"start":{"line":163,"column":20},"end":{"line":163,"column":78}}]},"32":{"loc":{"start":{"line":162,"column":20},"end":{"line":162,"column":70}},"type":"binary-expr","locations":[{"start":{"line":162,"column":20},"end":{"line":162,"column":64}},{"start":{"line":162,"column":68},"end":{"line":162,"column":70}}]},"33":{"loc":{"start":{"line":163,"column":20},"end":{"line":163,"column":78}},"type":"binary-expr","locations":[{"start":{"line":163,"column":20},"end":{"line":163,"column":72}},{"start":{"line":163,"column":76},"end":{"line":163,"column":78}}]},"34":{"loc":{"start":{"line":171,"column":11},"end":{"line":219,"column":null}},"type":"cond-expr","locations":[{"start":{"line":173,"column":6},"end":{"line":173,"column":25}},{"start":{"line":175,"column":6},"end":{"line":218,"column":null}}]},"35":{"loc":{"start":{"line":171,"column":11},"end":{"line":172,"column":42}},"type":"binary-expr","locations":[{"start":{"line":171,"column":11},"end":{"line":171,"column":49}},{"start":{"line":172,"column":6},"end":{"line":172,"column":42}}]},"36":{"loc":{"start":{"line":177,"column":10},"end":{"line":180,"column":16}},"type":"cond-expr","locations":[{"start":{"line":179,"column":14},"end":{"line":179,"column":41}},{"start":{"line":180,"column":14},"end":{"line":180,"column":16}}]},"37":{"loc":{"start":{"line":177,"column":10},"end":{"line":178,"column":47}},"type":"binary-expr","locations":[{"start":{"line":177,"column":10},"end":{"line":177,"column":46}},{"start":{"line":178,"column":10},"end":{"line":178,"column":47}}]},"38":{"loc":{"start":{"line":186,"column":12},"end":{"line":186,"column":71}},"type":"cond-expr","locations":[{"start":{"line":186,"column":39},"end":{"line":186,"column":66}},{"start":{"line":186,"column":69},"end":{"line":186,"column":71}}]},"39":{"loc":{"start":{"line":189,"column":11},"end":{"line":205,"column":null}},"type":"binary-expr","locations":[{"start":{"line":189,"column":11},"end":{"line":189,"column":21}},{"start":{"line":190,"column":12},"end":{"line":204,"column":null}}]},"40":{"loc":{"start":{"line":199,"column":22},"end":{"line":202,"column":24}},"type":"cond-expr","locations":[{"start":{"line":200,"column":22},"end":{"line":200,"column":72}},{"start":{"line":201,"column":22},"end":{"line":202,"column":24}}]},"41":{"loc":{"start":{"line":200,"column":22},"end":{"line":200,"column":72}},"type":"binary-expr","locations":[{"start":{"line":200,"column":22},"end":{"line":200,"column":66}},{"start":{"line":200,"column":70},"end":{"line":200,"column":72}}]},"42":{"loc":{"start":{"line":201,"column":22},"end":{"line":202,"column":24}},"type":"binary-expr","locations":[{"start":{"line":201,"column":22},"end":{"line":201,"column":74}},{"start":{"line":202,"column":22},"end":{"line":202,"column":24}}]},"43":{"loc":{"start":{"line":208,"column":13},"end":{"line":211,"column":null}},"type":"binary-expr","locations":[{"start":{"line":208,"column":14},"end":{"line":208,"column":33}},{"start":{"line":208,"column":37},"end":{"line":208,"column":61}},{"start":{"line":209,"column":14},"end":{"line":210,"column":null}}]},"44":{"loc":{"start":{"line":213,"column":13},"end":{"line":216,"column":38}},"type":"binary-expr","locations":[{"start":{"line":213,"column":13},"end":{"line":213,"column":23}},{"start":{"line":214,"column":14},"end":{"line":214,"column":38}},{"start":{"line":215,"column":14},"end":{"line":215,"column":27}},{"start":{"line":216,"column":14},"end":{"line":216,"column":38}}]},"45":{"loc":{"start":{"line":227,"column":10},"end":{"line":227,"column":62}},"type":"cond-expr","locations":[{"start":{"line":227,"column":23},"end":{"line":227,"column":40}},{"start":{"line":227,"column":43},"end":{"line":227,"column":62}}]},"46":{"loc":{"start":{"line":232,"column":7},"end":{"line":234,"column":64}},"type":"binary-expr","locations":[{"start":{"line":232,"column":7},"end":{"line":232,"column":18}},{"start":{"line":233,"column":8},"end":{"line":233,"column":21}},{"start":{"line":234,"column":8},"end":{"line":234,"column":64}}]}},"s":{"0":1,"1":1,"2":1,"3":1,"4":1,"5":82,"6":9,"7":9,"8":9,"9":9,"10":9,"11":9,"12":9,"13":9,"14":80,"15":80,"16":18,"17":62,"18":9,"19":26,"20":13,"21":13,"22":13,"23":13,"24":13,"25":13,"26":13,"27":13,"28":13,"29":13,"30":13,"31":13,"32":13,"33":12,"34":2,"35":1,"36":1,"37":1,"38":10,"39":10,"40":13,"41":13,"42":2,"43":24,"44":13,"45":9,"46":1},"f":{"0":10,"1":80,"2":13,"3":13,"4":12,"5":13,"6":2,"7":24},"b":{"0":[8,1],"1":[8,1],"2":[6,3],"3":[6,3],"4":[9,0],"5":[9,6,9,3],"6":[18],"7":[13],"8":[10,3],"9":[9,4],"10":[1,12],"11":[9,4],"12":[1,12],"13":[9,4],"14":[2,10],"15":[1,1],"16":[1],"17":[10],"18":[10,3],"19":[0,10],"20":[13,12],"21":[12,0],"22":[12,8,0],"23":[12,12,8,2,1],"24":[10,3],"25":[10,0],"26":[3,0],"27":[2,11],"28":[2,1],"29":[13,1],"30":[1,0],"31":[1,12],"32":[1,0],"33":[12,0],"34":[1,12],"35":[13,3],"36":[0,12],"37":[12,10],"38":[1,11],"39":[12,10],"40":[1,9],"41":[1,0],"42":[9,0],"43":[12,12,8],"44":[12,10,6,0],"45":[6,3],"46":[9,3,0]}}
,"/Users/reshma/Desktop/Keyvalue/ui-components/react-vertical-stepper/src/stepper/styles.scss": {"path":"/Users/reshma/Desktop/Keyvalue/ui-components/react-vertical-stepper/src/stepper/styles.scss","statementMap":{"0":{"start":{"line":1,"column":0},"end":{"line":1,"column":20}}},"fnMap":{},"branchMap":{},"s":{"0":1},"f":{},"b":{},"_coverageSchema":"1a1c01bbd47fc00a2c39e90264f33305004495a9","hash":"33f7451992e187f53eca9dfd508521dba0350b0d"}
}
