TN:
SF:src/constants.ts
FN:1,(anonymous_0)
FN:7,(anonymous_1)
FN:14,(anonymous_2)
FN:19,(anonymous_3)
FNF:4
FNH:4
FNDA:1,(anonymous_0)
FNDA:1,(anonymous_1)
FNDA:1,(anonymous_2)
FNDA:1,(anonymous_3)
DA:1,1
DA:2,1
DA:3,1
DA:4,1
DA:7,1
DA:8,1
DA:9,1
DA:10,1
DA:11,1
DA:14,1
DA:15,1
DA:16,1
DA:19,1
DA:20,1
DA:21,1
DA:22,1
DA:23,1
DA:24,1
DA:25,1
DA:26,1
DA:27,1
DA:28,1
LF:22
LH:22
BRDA:1,0,0,1
BRDA:1,0,1,1
BRDA:7,1,0,1
BRDA:7,1,1,1
BRDA:14,2,0,1
BRDA:14,2,1,1
BRDA:19,3,0,1
BRDA:19,3,1,1
BRF:8
BRH:8
end_of_record
TN:
SF:src/assets/white-tick.svg
FNF:0
FNH:0
DA:1,1
LF:1
LH:1
BRF:0
BRH:0
end_of_record
TN:
SF:src/bubble/bubble.tsx
FN:8,(anonymous_3)
FN:33,(anonymous_4)
FNF:2
FNH:2
FNDA:13,(anonymous_3)
FNDA:2,(anonymous_4)
DA:1,1
DA:3,1
DA:4,1
DA:5,1
DA:6,1
DA:8,1
DA:17,91
DA:19,13
DA:33,2
DA:53,1
LF:10
LH:10
BRDA:22,0,0,13
BRDA:22,0,1,1
BRDA:23,1,0,13
BRDA:23,1,1,9
BRDA:24,2,0,13
BRDA:24,2,1,2
BRDA:24,2,2,2
BRDA:25,3,0,13
BRDA:25,3,1,9
BRDA:25,3,2,1
BRDA:28,4,0,13
BRDA:28,4,1,0
BRDA:29,5,0,13
BRDA:29,5,1,9
BRDA:29,5,2,4
BRDA:30,6,0,13
BRDA:30,6,1,2
BRDA:30,6,2,2
BRDA:30,6,3,11
BRDA:33,7,0,2
BRDA:33,7,1,2
BRDA:37,8,0,13
BRDA:37,8,1,4
BRDA:37,8,2,13
BRDA:40,9,0,13
BRDA:40,9,1,9
BRDA:40,9,2,4
BRDA:40,10,0,0
BRDA:40,10,1,13
BRDA:40,11,0,13
BRDA:40,11,1,13
BRF:31
BRH:29
end_of_record
TN:
SF:src/bubble/index.ts
FNF:0
FNH:0
DA:1,1
DA:3,1
LF:2
LH:2
BRF:0
BRH:0
end_of_record
TN:
SF:src/bubble/styles.module.scss
FNF:0
FNH:0
DA:1,1
LF:1
LH:1
BRF:0
BRH:0
end_of_record
TN:
SF:src/stepper/stepperComponent.tsx
FN:7,(anonymous_9)
FN:29,(anonymous_10)
FN:37,(anonymous_11)
FN:43,(anonymous_12)
FN:64,(anonymous_13)
FN:74,(anonymous_14)
FN:133,(anonymous_15)
FN:138,(anonymous_16)
FNF:8
FNH:8
FNDA:10,(anonymous_9)
FNDA:80,(anonymous_10)
FNDA:13,(anonymous_11)
FNDA:13,(anonymous_12)
FNDA:12,(anonymous_13)
FNDA:13,(anonymous_14)
FNDA:2,(anonymous_15)
FNDA:24,(anonymous_16)
DA:1,1
DA:2,1
DA:4,1
DA:5,1
DA:7,1
DA:10,9
DA:11,9
DA:12,9
DA:13,9
DA:14,9
DA:18,82
DA:20,9
DA:24,9
DA:29,9
DA:30,80
DA:31,80
DA:32,18
DA:34,62
DA:37,9
DA:38,26
DA:39,13
DA:41,13
DA:43,13
DA:44,13
DA:46,13
DA:47,13
DA:48,13
DA:52,13
DA:56,13
DA:60,13
DA:64,13
DA:65,12
DA:66,2
DA:67,1
DA:68,1
DA:70,10
DA:74,13
DA:75,13
DA:134,2
DA:139,24
DA:171,13
DA:223,9
DA:239,1
LF:43
LH:43
BRDA:10,0,0,8
BRDA:10,0,1,1
BRDA:11,1,0,8
BRDA:11,1,1,1
BRDA:12,2,0,6
BRDA:12,2,1,3
BRDA:13,3,0,6
BRDA:13,3,1,3
BRDA:14,4,0,9
BRDA:14,4,1,0
BRDA:24,5,0,9
BRDA:24,5,1,6
BRDA:24,5,2,9
BRDA:24,5,3,3
BRDA:31,6,0,18
BRDA:46,7,0,13
BRDA:53,8,0,10
BRDA:53,8,1,3
BRDA:54,9,0,9
BRDA:54,9,1,4
BRDA:57,10,0,1
BRDA:57,10,1,12
BRDA:58,11,0,9
BRDA:58,11,1,4
BRDA:61,12,0,1
BRDA:61,12,1,12
BRDA:62,13,0,9
BRDA:62,13,1,4
BRDA:65,14,0,2
BRDA:65,14,1,10
BRDA:66,15,0,1
BRDA:66,15,1,1
BRDA:67,16,0,1
BRDA:70,17,0,10
BRDA:79,18,0,10
BRDA:79,18,1,3
BRDA:81,19,0,0
BRDA:81,19,1,10
BRDA:86,20,0,13
BRDA:86,20,1,12
BRDA:92,21,0,12
BRDA:92,21,1,0
BRDA:93,22,0,12
BRDA:93,22,1,8
BRDA:93,22,2,0
BRDA:99,23,0,12
BRDA:99,23,1,12
BRDA:99,23,2,8
BRDA:99,23,3,2
BRDA:99,23,4,1
BRDA:115,24,0,10
BRDA:115,24,1,3
BRDA:116,25,0,10
BRDA:116,25,1,0
BRDA:117,26,0,3
BRDA:117,26,1,0
BRDA:122,27,0,2
BRDA:122,27,1,11
BRDA:134,28,0,2
BRDA:134,28,1,1
BRDA:143,29,0,13
BRDA:143,29,1,1
BRDA:146,30,0,1
BRDA:146,30,1,0
BRDA:161,31,0,1
BRDA:161,31,1,12
BRDA:162,32,0,1
BRDA:162,32,1,0
BRDA:163,33,0,12
BRDA:163,33,1,0
BRDA:171,34,0,1
BRDA:171,34,1,12
BRDA:171,35,0,13
BRDA:171,35,1,3
BRDA:177,36,0,0
BRDA:177,36,1,12
BRDA:177,37,0,12
BRDA:177,37,1,10
BRDA:186,38,0,1
BRDA:186,38,1,11
BRDA:189,39,0,12
BRDA:189,39,1,10
BRDA:199,40,0,1
BRDA:199,40,1,9
BRDA:200,41,0,1
BRDA:200,41,1,0
BRDA:201,42,0,9
BRDA:201,42,1,0
BRDA:208,43,0,12
BRDA:208,43,1,12
BRDA:208,43,2,8
BRDA:213,44,0,12
BRDA:213,44,1,10
BRDA:213,44,2,6
BRDA:213,44,3,0
BRDA:227,45,0,6
BRDA:227,45,1,3
BRDA:232,46,0,9
BRDA:232,46,1,3
BRDA:232,46,2,0
BRF:100
BRH:86
end_of_record
TN:
SF:src/stepper/styles.scss
FNF:0
FNH:0
DA:1,1
LF:1
LH:1
BRF:0
BRH:0
end_of_record
